2025-11-13 20:18:22.438 [info] Extension host with pid 283247 started
2025-11-13 20:18:22.438 [info] Skipping acquiring lock for /home/mossatto/portfolioAnalyzer/~/vscode-root-data/User/workspaceStorage/75c745cfa0ee498aabe5ad26238707f2.
2025-11-13 20:18:22.550 [info] ExtensionService#_doActivateExtension vscode.github-authentication, startup: false, activationEvent: 'onAuthenticationRequest:github'
2025-11-13 20:18:22.579 [info] ExtensionService#_doActivateExtension vscode.emmet, startup: false, activationEvent: 'onLanguage'
2025-11-13 20:18:22.653 [info] ExtensionService#_doActivateExtension vscode.git-base, startup: true, activationEvent: '*'
2025-11-13 20:18:22.660 [info] ExtensionService#_doActivateExtension vscode.github, startup: true, activationEvent: '*'
2025-11-13 20:18:22.739 [info] Eager extensions activated
2025-11-13 20:18:22.769 [info] ExtensionService#_doActivateExtension vscode.debug-auto-launch, startup: false, activationEvent: 'onStartupFinished'
2025-11-13 20:18:22.771 [info] ExtensionService#_doActivateExtension vscode.merge-conflict, startup: false, activationEvent: 'onStartupFinished'
2025-11-13 20:18:22.789 [info] ExtensionService#_doActivateExtension dsznajder.es7-react-js-snippets, startup: false, activationEvent: 'onStartupFinished'
2025-11-13 20:18:23.253 [info] ExtensionService#_doActivateExtension ms-python.vscode-pylance, startup: false, activationEvent: 'onMcpCollection:pylanceMcp'
2025-11-13 20:18:24.980 [info] ExtensionService#_doActivateExtension vscode.git, startup: false, activationEvent: 'api', root cause: vscode.github
2025-11-13 20:18:25.072 [info] ExtensionService#_doActivateExtension bradlc.vscode-tailwindcss, startup: false, activationEvent: 'onStartupFinished'
2025-11-13 20:18:25.117 [info] ExtensionService#_doActivateExtension ms-python.python, startup: false, activationEvent: 'workspaceContains:requirements.txt'
2025-11-13 20:18:26.173 [info] ExtensionService#_doActivateExtension vscode.terminal-suggest, startup: false, activationEvent: 'onTerminalShellIntegration:*'
2025-11-13 20:18:26.567 [warning] DiagnosticCollection with name 'Pylance' does already exist.
2025-11-13 20:18:26.570 [warning] DiagnosticCollection with name 'Pylance' does already exist.
2025-11-13 20:20:09.083 [info] ExtensionService#_doActivateExtension ms-python.debugpy, startup: false, activationEvent: 'onLanguage:python'
2025-11-13 20:20:09.145 [info] ExtensionService#_doActivateExtension ms-python.vscode-python-envs, startup: false, activationEvent: 'onLanguage:python'
2025-11-13 20:20:09.197 [info] ExtensionService#_doActivateExtension ms-toolsai.jupyter, startup: false, activationEvent: 'onLanguage:python'
2025-11-13 20:20:10.007 [info] ExtensionService#_doActivateExtension ms-toolsai.jupyter-renderers, startup: false, activationEvent: 'api', root cause: ms-toolsai.jupyter
