2025-11-13 20:18:25.367 [info] [main] Log level: Info
2025-11-13 20:18:25.367 [info] [main] Validating found git in: "git"
2025-11-13 20:18:25.367 [info] [main] Using git "2.40.1" from "git"
2025-11-13 20:18:25.367 [info] [Model][doInitialScan] Initial repository scan started
2025-11-13 20:18:25.367 [info] > git rev-parse --show-toplevel [10ms]
2025-11-13 20:18:25.369 [info] > git rev-parse --git-dir --git-common-dir --show-superproject-working-tree [5ms]
2025-11-13 20:18:25.379 [info] [Model][openRepository] Opened repository (path): /home/mossatto/portfolioAnalyzer
2025-11-13 20:18:25.379 [info] [Model][openRepository] Opened repository (real path): /home/mossatto/portfolioAnalyzer
2025-11-13 20:18:25.379 [info] [Model][openRepository] Opened repository (kind): repository
2025-11-13 20:18:25.397 [info] > git rev-parse --show-toplevel [2ms]
2025-11-13 20:18:25.397 [info] > git config --get commit.template [9ms]
2025-11-13 20:18:25.415 [info] > git rev-parse --show-toplevel [9ms]
2025-11-13 20:18:25.422 [info] > git for-each-ref --format=%(refname)%00%(upstream:short)%00%(objectname)%00%(upstream:track)%00%(upstream:remotename)%00%(upstream:remoteref) refs/heads/master refs/remotes/master [9ms]
2025-11-13 20:18:25.441 [info] > git status -z -uall [11ms]
2025-11-13 20:18:25.441 [info] > git for-each-ref --sort -committerdate --format %(refname)%00%(objectname)%00%(*objectname) [4ms]
2025-11-13 20:18:25.441 [info] > git rev-parse --show-toplevel [20ms]
2025-11-13 20:18:25.480 [info] > git for-each-ref --format=%(refname)%00%(upstream:short)%00%(objectname)%00%(upstream:track)%00%(upstream:remotename)%00%(upstream:remoteref) refs/heads/master refs/remotes/master [10ms]
2025-11-13 20:18:25.487 [info] > git rev-parse --show-toplevel [39ms]
2025-11-13 20:18:25.524 [info] > git config --get --local branch.master.vscode-merge-base [36ms]
2025-11-13 20:18:25.524 [warning] [Git][config] git config failed: Failed to execute git
2025-11-13 20:18:25.531 [info] > git config --get commit.template [52ms]
2025-11-13 20:18:25.534 [info] > git rev-parse --show-toplevel [19ms]
2025-11-13 20:18:25.548 [info] > git reflog master --grep-reflog=branch: Created from *. [17ms]
2025-11-13 20:18:25.556 [info] > git rev-parse --show-toplevel [8ms]
2025-11-13 20:18:25.556 [info] > git for-each-ref --format=%(refname)%00%(upstream:short)%00%(objectname)%00%(upstream:track)%00%(upstream:remotename)%00%(upstream:remoteref) refs/heads/master refs/remotes/master [15ms]
2025-11-13 20:18:25.617 [info] > git status -z -uall [54ms]
2025-11-13 20:18:25.618 [info] > git symbolic-ref --short refs/remotes/origin/HEAD [63ms]
2025-11-13 20:18:25.619 [info] fatal: ref refs/remotes/origin/HEAD is not a symbolic ref
2025-11-13 20:18:25.619 [warning] [Repository][getDefaultBranch] Failed to get default branch details: Failed to execute git.
2025-11-13 20:18:25.640 [info] > git rev-parse --show-toplevel [62ms]
2025-11-13 20:18:25.644 [info] [Model][doInitialScan] Initial repository scan completed - repositories (1), closed repositories (0), parent repositories (0), unsafe repositories (0)
2025-11-13 20:18:25.644 [info] > git for-each-ref --sort -committerdate --format %(refname)%00%(objectname)%00%(*objectname) [74ms]
2025-11-13 20:18:25.908 [info] > git check-ignore -v -z --stdin [2ms]
2025-11-13 20:18:28.498 [info] > git config --get commit.template [9ms]
2025-11-13 20:18:28.499 [info] > git for-each-ref --format=%(refname)%00%(upstream:short)%00%(objectname)%00%(upstream:track)%00%(upstream:remotename)%00%(upstream:remoteref) refs/heads/master refs/remotes/master [2ms]
2025-11-13 20:18:28.521 [info] > git status -z -uall [13ms]
2025-11-13 20:18:28.522 [info] > git for-each-ref --sort -committerdate --format %(refname)%00%(objectname)%00%(*objectname) [3ms]
2025-11-13 20:18:33.543 [info] > git config --get commit.template [8ms]
2025-11-13 20:18:33.543 [info] > git for-each-ref --format=%(refname)%00%(upstream:short)%00%(objectname)%00%(upstream:track)%00%(upstream:remotename)%00%(upstream:remoteref) refs/heads/master refs/remotes/master [2ms]
2025-11-13 20:18:33.558 [info] > git for-each-ref --sort -committerdate --format %(refname)%00%(objectname)%00%(*objectname) [2ms]
2025-11-13 20:18:33.559 [info] > git status -z -uall [10ms]
2025-11-13 20:18:36.054 [info] > git show --textconv :requirements.txt [9ms]
2025-11-13 20:18:36.055 [info] > git ls-files --stage -- requirements.txt [2ms]
2025-11-13 20:18:36.064 [info] > git cat-file -s 08bbe3d7937f721230c659d6ef14e473b2751f0e [1ms]
2025-11-13 20:18:40.527 [info] > git config --get commit.template [11ms]
2025-11-13 20:18:40.528 [info] > git for-each-ref --format=%(refname)%00%(upstream:short)%00%(objectname)%00%(upstream:track)%00%(upstream:remotename)%00%(upstream:remoteref) refs/heads/master refs/remotes/master [2ms]
2025-11-13 20:18:40.544 [info] > git for-each-ref --sort -committerdate --format %(refname)%00%(objectname)%00%(*objectname) [1ms]
2025-11-13 20:18:40.545 [info] > git status -z -uall [10ms]
2025-11-13 20:18:41.226 [info] > git blame --root --incremental 9280bbffe290e4db9f9ef70ed88af8576c6eebab -- requirements.txt [4ms]
2025-11-13 20:19:09.613 [info] > git config --get commit.template [10ms]
2025-11-13 20:19:09.613 [info] > git for-each-ref --format=%(refname)%00%(upstream:short)%00%(objectname)%00%(upstream:track)%00%(upstream:remotename)%00%(upstream:remoteref) refs/heads/master refs/remotes/master [1ms]
2025-11-13 20:19:09.634 [info] > git status -z -uall [11ms]
2025-11-13 20:19:09.634 [info] > git for-each-ref --sort -committerdate --format %(refname)%00%(objectname)%00%(*objectname) [2ms]
2025-11-13 20:19:13.527 [info] > git check-ignore -v -z --stdin [2ms]
2025-11-13 20:19:14.660 [info] > git config --get commit.template [8ms]
2025-11-13 20:19:14.661 [info] > git for-each-ref --format=%(refname)%00%(upstream:short)%00%(objectname)%00%(upstream:track)%00%(upstream:remotename)%00%(upstream:remoteref) refs/heads/master refs/remotes/master [1ms]
2025-11-13 20:19:14.677 [info] > git for-each-ref --sort -committerdate --format %(refname)%00%(objectname)%00%(*objectname) [2ms]
2025-11-13 20:19:14.678 [info] > git status -z -uall [10ms]
2025-11-13 20:19:16.998 [info] > git check-ignore -v -z --stdin [2ms]
2025-11-13 20:19:19.596 [info] > git check-ignore -v -z --stdin [2ms]
2025-11-13 20:19:19.703 [info] > git config --get commit.template [10ms]
2025-11-13 20:19:19.703 [info] > git for-each-ref --format=%(refname)%00%(upstream:short)%00%(objectname)%00%(upstream:track)%00%(upstream:remotename)%00%(upstream:remoteref) refs/heads/master refs/remotes/master [1ms]
2025-11-13 20:19:19.720 [info] > git for-each-ref --sort -committerdate --format %(refname)%00%(objectname)%00%(*objectname) [2ms]
2025-11-13 20:19:19.720 [info] > git status -z -uall [10ms]
2025-11-13 20:19:24.743 [info] > git config --get commit.template [8ms]
2025-11-13 20:19:24.744 [info] > git for-each-ref --format=%(refname)%00%(upstream:short)%00%(objectname)%00%(upstream:track)%00%(upstream:remotename)%00%(upstream:remoteref) refs/heads/master refs/remotes/master [1ms]
2025-11-13 20:19:24.758 [info] > git for-each-ref --sort -committerdate --format %(refname)%00%(objectname)%00%(*objectname) [1ms]
2025-11-13 20:19:24.760 [info] > git status -z -uall [10ms]
2025-11-13 20:19:31.971 [info] > git config --get commit.template [9ms]
2025-11-13 20:19:31.971 [info] > git for-each-ref --format=%(refname)%00%(upstream:short)%00%(objectname)%00%(upstream:track)%00%(upstream:remotename)%00%(upstream:remoteref) refs/heads/master refs/remotes/master [1ms]
2025-11-13 20:19:31.986 [info] > git for-each-ref --sort -committerdate --format %(refname)%00%(objectname)%00%(*objectname) [1ms]
2025-11-13 20:19:31.988 [info] > git status -z -uall [10ms]
2025-11-13 20:19:42.761 [info] > git config --get commit.template [8ms]
2025-11-13 20:19:42.762 [info] > git for-each-ref --format=%(refname)%00%(upstream:short)%00%(objectname)%00%(upstream:track)%00%(upstream:remotename)%00%(upstream:remoteref) refs/heads/master refs/remotes/master [2ms]
2025-11-13 20:19:42.780 [info] > git status -z -uall [10ms]
2025-11-13 20:19:42.782 [info] > git for-each-ref --sort -committerdate --format %(refname)%00%(objectname)%00%(*objectname) [3ms]
2025-11-13 20:19:49.722 [info] > git config --get commit.template [9ms]
2025-11-13 20:19:49.723 [info] > git for-each-ref --format=%(refname)%00%(upstream:short)%00%(objectname)%00%(upstream:track)%00%(upstream:remotename)%00%(upstream:remoteref) refs/heads/master refs/remotes/master [1ms]
2025-11-13 20:19:49.740 [info] > git for-each-ref --sort -committerdate --format %(refname)%00%(objectname)%00%(*objectname) [2ms]
2025-11-13 20:19:49.741 [info] > git status -z -uall [11ms]
2025-11-13 20:20:00.894 [info] > git check-ignore -v -z --stdin [1ms]
2025-11-13 20:20:01.448 [info] > git config --get commit.template [1ms]
2025-11-13 20:20:01.457 [info] > git for-each-ref --format=%(refname)%00%(upstream:short)%00%(objectname)%00%(upstream:track)%00%(upstream:remotename)%00%(upstream:remoteref) refs/heads/master refs/remotes/master [2ms]
2025-11-13 20:20:01.474 [info] > git status -z -uall [10ms]
2025-11-13 20:20:01.474 [info] > git for-each-ref --sort -committerdate --format %(refname)%00%(objectname)%00%(*objectname) [1ms]
2025-11-13 20:20:09.480 [info] > git show --textconv :src/app.py [12ms]
2025-11-13 20:20:09.506 [info] > git hash-object -t tree /dev/null [18ms]
2025-11-13 20:20:09.507 [warning] [GitFileSystemProvider][readFile] File not found - git:/home/mossatto/portfolioAnalyzer/src/app.py.git?%7B%22path%22%3A%22%2Fhome%2Fmossatto%2FportfolioAnalyzer%2Fsrc%2Fapp.py%22%2C%22ref%22%3A%22%22%7D
2025-11-13 20:20:09.507 [info] > git ls-files --stage -- src/app.py [29ms]
2025-11-13 20:20:09.508 [warning] [GitFileSystemProvider][stat] File not found - git:/home/mossatto/portfolioAnalyzer/src/app.py.git?%7B%22path%22%3A%22%2Fhome%2Fmossatto%2FportfolioAnalyzer%2Fsrc%2Fapp.py%22%2C%22ref%22%3A%22%22%7D
2025-11-13 20:20:09.523 [info] > git check-ignore -v -z --stdin [7ms]
2025-11-13 20:20:42.763 [info] > git config --get commit.template [11ms]
2025-11-13 20:20:42.764 [info] > git for-each-ref --format=%(refname)%00%(upstream:short)%00%(objectname)%00%(upstream:track)%00%(upstream:remotename)%00%(upstream:remoteref) refs/heads/master refs/remotes/master [2ms]
2025-11-13 20:20:42.782 [info] > git for-each-ref --sort -committerdate --format %(refname)%00%(objectname)%00%(*objectname) [2ms]
2025-11-13 20:20:42.783 [info] > git status -z -uall [12ms]
2025-11-13 20:20:47.210 [info] > git show --textconv :requirements.txt [9ms]
2025-11-13 20:20:47.211 [info] > git ls-files --stage -- requirements.txt [2ms]
2025-11-13 20:20:47.220 [info] > git cat-file -s 08bbe3d7937f721230c659d6ef14e473b2751f0e [1ms]
2025-11-13 20:20:47.809 [info] > git config --get commit.template [10ms]
2025-11-13 20:20:47.809 [info] > git for-each-ref --format=%(refname)%00%(upstream:short)%00%(objectname)%00%(upstream:track)%00%(upstream:remotename)%00%(upstream:remoteref) refs/heads/master refs/remotes/master [1ms]
2025-11-13 20:20:47.826 [info] > git for-each-ref --sort -committerdate --format %(refname)%00%(objectname)%00%(*objectname) [1ms]
2025-11-13 20:20:47.827 [info] > git status -z -uall [10ms]
2025-11-13 20:20:52.850 [info] > git config --get commit.template [10ms]
2025-11-13 20:20:52.850 [info] > git for-each-ref --format=%(refname)%00%(upstream:short)%00%(objectname)%00%(upstream:track)%00%(upstream:remotename)%00%(upstream:remoteref) refs/heads/master refs/remotes/master [1ms]
2025-11-13 20:20:52.867 [info] > git for-each-ref --sort -committerdate --format %(refname)%00%(objectname)%00%(*objectname) [1ms]
2025-11-13 20:20:52.868 [info] > git status -z -uall [11ms]
2025-11-13 20:22:33.281 [info] > git config --get commit.template [10ms]
2025-11-13 20:22:33.281 [info] > git for-each-ref --format=%(refname)%00%(upstream:short)%00%(objectname)%00%(upstream:track)%00%(upstream:remotename)%00%(upstream:remoteref) refs/heads/master refs/remotes/master [1ms]
2025-11-13 20:22:33.298 [info] > git for-each-ref --sort -committerdate --format %(refname)%00%(objectname)%00%(*objectname) [2ms]
2025-11-13 20:22:33.300 [info] > git status -z -uall [11ms]
2025-11-13 20:22:35.305 [info] > git show --textconv :src/data_repository.py [9ms]
2025-11-13 20:22:35.306 [info] > git ls-files --stage -- src/data_repository.py [2ms]
2025-11-13 20:22:35.315 [info] > git cat-file -s 48036e788ff9e9154932797102b5e38aaffb4de4 [2ms]
2025-11-13 20:22:38.313 [info] > git config --get commit.template [2ms]
2025-11-13 20:22:38.322 [info] > git for-each-ref --format=%(refname)%00%(upstream:short)%00%(objectname)%00%(upstream:track)%00%(upstream:remotename)%00%(upstream:remoteref) refs/heads/master refs/remotes/master [1ms]
2025-11-13 20:22:38.338 [info] > git for-each-ref --sort -committerdate --format %(refname)%00%(objectname)%00%(*objectname) [1ms]
2025-11-13 20:22:38.341 [info] > git status -z -uall [12ms]
2025-11-13 20:22:53.289 [info] > git check-ignore -v -z --stdin [1ms]
2025-11-13 20:22:53.884 [info] > git show --textconv :db/setup_database.sql [8ms]
2025-11-13 20:22:53.885 [info] > git ls-files --stage -- db/setup_database.sql [2ms]
2025-11-13 20:22:53.894 [info] > git cat-file -s 7c79d2f089bb7ba6490c8f83f3235ea052ee0b10 [2ms]
2025-11-13 20:22:54.971 [info] > git config --get commit.template [10ms]
2025-11-13 20:22:54.972 [info] > git for-each-ref --format=%(refname)%00%(upstream:short)%00%(objectname)%00%(upstream:track)%00%(upstream:remotename)%00%(upstream:remoteref) refs/heads/master refs/remotes/master [2ms]
2025-11-13 20:22:54.988 [info] > git for-each-ref --sort -committerdate --format %(refname)%00%(objectname)%00%(*objectname) [2ms]
2025-11-13 20:22:54.989 [info] > git status -z -uall [11ms]
2025-11-13 20:23:00.192 [info] > git show --textconv :requirements.txt [8ms]
2025-11-13 20:23:00.193 [info] > git ls-files --stage -- requirements.txt [2ms]
2025-11-13 20:23:00.201 [info] > git cat-file -s 08bbe3d7937f721230c659d6ef14e473b2751f0e [2ms]
2025-11-13 20:23:01.283 [info] > git config --get commit.template [8ms]
2025-11-13 20:23:01.283 [info] > git for-each-ref --format=%(refname)%00%(upstream:short)%00%(objectname)%00%(upstream:track)%00%(upstream:remotename)%00%(upstream:remoteref) refs/heads/master refs/remotes/master [1ms]
2025-11-13 20:23:01.300 [info] > git for-each-ref --sort -committerdate --format %(refname)%00%(objectname)%00%(*objectname) [2ms]
2025-11-13 20:23:01.301 [info] > git status -z -uall [10ms]
2025-11-13 20:23:03.882 [info] > git show --textconv :src/data_repository.py [9ms]
2025-11-13 20:23:03.883 [info] > git ls-files --stage -- src/data_repository.py [2ms]
2025-11-13 20:23:03.891 [info] > git cat-file -s 48036e788ff9e9154932797102b5e38aaffb4de4 [2ms]
2025-11-13 20:23:06.323 [info] > git config --get commit.template [9ms]
2025-11-13 20:23:06.324 [info] > git for-each-ref --format=%(refname)%00%(upstream:short)%00%(objectname)%00%(upstream:track)%00%(upstream:remotename)%00%(upstream:remoteref) refs/heads/master refs/remotes/master [2ms]
2025-11-13 20:23:06.339 [info] > git for-each-ref --sort -committerdate --format %(refname)%00%(objectname)%00%(*objectname) [1ms]
2025-11-13 20:23:06.340 [info] > git status -z -uall [10ms]
2025-11-13 20:23:11.359 [info] > git config --get commit.template [2ms]
2025-11-13 20:23:11.367 [info] > git for-each-ref --format=%(refname)%00%(upstream:short)%00%(objectname)%00%(upstream:track)%00%(upstream:remotename)%00%(upstream:remoteref) refs/heads/master refs/remotes/master [1ms]
2025-11-13 20:23:11.384 [info] > git status -z -uall [10ms]
2025-11-13 20:23:11.385 [info] > git for-each-ref --sort -committerdate --format %(refname)%00%(objectname)%00%(*objectname) [2ms]
2025-11-13 20:23:22.775 [info] > git config --get commit.template [9ms]
2025-11-13 20:23:22.776 [info] > git for-each-ref --format=%(refname)%00%(upstream:short)%00%(objectname)%00%(upstream:track)%00%(upstream:remotename)%00%(upstream:remoteref) refs/heads/master refs/remotes/master [2ms]
2025-11-13 20:23:22.793 [info] > git for-each-ref --sort -committerdate --format %(refname)%00%(objectname)%00%(*objectname) [1ms]
2025-11-13 20:23:22.793 [info] > git status -z -uall [10ms]
2025-11-13 20:23:27.812 [info] > git config --get commit.template [2ms]
2025-11-13 20:23:27.821 [info] > git for-each-ref --format=%(refname)%00%(upstream:short)%00%(objectname)%00%(upstream:track)%00%(upstream:remotename)%00%(upstream:remoteref) refs/heads/master refs/remotes/master [1ms]
2025-11-13 20:23:27.837 [info] > git for-each-ref --sort -committerdate --format %(refname)%00%(objectname)%00%(*objectname) [1ms]
2025-11-13 20:23:27.838 [info] > git status -z -uall [10ms]
2025-11-13 20:23:45.563 [info] > git config --get commit.template [9ms]
2025-11-13 20:23:45.564 [info] > git for-each-ref --format=%(refname)%00%(upstream:short)%00%(objectname)%00%(upstream:track)%00%(upstream:remotename)%00%(upstream:remoteref) refs/heads/master refs/remotes/master [2ms]
2025-11-13 20:23:45.580 [info] > git for-each-ref --sort -committerdate --format %(refname)%00%(objectname)%00%(*objectname) [2ms]
2025-11-13 20:23:45.580 [info] > git status -z -uall [10ms]
2025-11-13 20:24:22.784 [info] > git config --get commit.template [8ms]
2025-11-13 20:24:22.785 [info] > git for-each-ref --format=%(refname)%00%(upstream:short)%00%(objectname)%00%(upstream:track)%00%(upstream:remotename)%00%(upstream:remoteref) refs/heads/master refs/remotes/master [2ms]
2025-11-13 20:24:22.800 [info] > git for-each-ref --sort -committerdate --format %(refname)%00%(objectname)%00%(*objectname) [1ms]
2025-11-13 20:24:22.802 [info] > git status -z -uall [10ms]
2025-11-13 20:25:22.782 [info] > git config --get commit.template [10ms]
2025-11-13 20:25:22.782 [info] > git for-each-ref --format=%(refname)%00%(upstream:short)%00%(objectname)%00%(upstream:track)%00%(upstream:remotename)%00%(upstream:remoteref) refs/heads/master refs/remotes/master [2ms]
2025-11-13 20:25:22.796 [info] > git for-each-ref --sort -committerdate --format %(refname)%00%(objectname)%00%(*objectname) [1ms]
2025-11-13 20:25:22.800 [info] > git status -z -uall [12ms]
2025-11-13 20:25:46.691 [info] > git config --get commit.template [9ms]
2025-11-13 20:25:46.691 [info] > git for-each-ref --format=%(refname)%00%(upstream:short)%00%(objectname)%00%(upstream:track)%00%(upstream:remotename)%00%(upstream:remoteref) refs/heads/master refs/remotes/master [1ms]
2025-11-13 20:25:46.706 [info] > git for-each-ref --sort -committerdate --format %(refname)%00%(objectname)%00%(*objectname) [1ms]
2025-11-13 20:25:46.708 [info] > git status -z -uall [10ms]
2025-11-13 20:26:22.784 [info] > git config --get commit.template [10ms]
2025-11-13 20:26:22.784 [info] > git for-each-ref --format=%(refname)%00%(upstream:short)%00%(objectname)%00%(upstream:track)%00%(upstream:remotename)%00%(upstream:remoteref) refs/heads/master refs/remotes/master [1ms]
2025-11-13 20:26:22.799 [info] > git for-each-ref --sort -committerdate --format %(refname)%00%(objectname)%00%(*objectname) [1ms]
2025-11-13 20:26:22.800 [info] > git status -z -uall [10ms]
2025-11-13 20:26:39.071 [info] > git config --get commit.template [9ms]
2025-11-13 20:26:39.072 [info] > git for-each-ref --format=%(refname)%00%(upstream:short)%00%(objectname)%00%(upstream:track)%00%(upstream:remotename)%00%(upstream:remoteref) refs/heads/master refs/remotes/master [2ms]
2025-11-13 20:26:39.090 [info] > git for-each-ref --sort -committerdate --format %(refname)%00%(objectname)%00%(*objectname) [4ms]
2025-11-13 20:26:39.092 [info] > git status -z -uall [14ms]
2025-11-13 20:29:55.836 [info] > git config --get commit.template [8ms]
2025-11-13 20:29:55.837 [info] > git for-each-ref --format=%(refname)%00%(upstream:short)%00%(objectname)%00%(upstream:track)%00%(upstream:remotename)%00%(upstream:remoteref) refs/heads/master refs/remotes/master [2ms]
2025-11-13 20:29:55.853 [info] > git for-each-ref --sort -committerdate --format %(refname)%00%(objectname)%00%(*objectname) [2ms]
2025-11-13 20:29:55.855 [info] > git status -z -uall [11ms]
2025-11-13 20:30:00.876 [info] > git config --get commit.template [8ms]
2025-11-13 20:30:00.877 [info] > git for-each-ref --format=%(refname)%00%(upstream:short)%00%(objectname)%00%(upstream:track)%00%(upstream:remotename)%00%(upstream:remoteref) refs/heads/master refs/remotes/master [2ms]
2025-11-13 20:30:00.892 [info] > git for-each-ref --sort -committerdate --format %(refname)%00%(objectname)%00%(*objectname) [1ms]
2025-11-13 20:30:00.893 [info] > git status -z -uall [10ms]
2025-11-13 20:30:17.433 [info] > git config --get commit.template [10ms]
2025-11-13 20:30:17.434 [info] > git for-each-ref --format=%(refname)%00%(upstream:short)%00%(objectname)%00%(upstream:track)%00%(upstream:remotename)%00%(upstream:remoteref) refs/heads/master refs/remotes/master [2ms]
2025-11-13 20:30:17.449 [info] > git for-each-ref --sort -committerdate --format %(refname)%00%(objectname)%00%(*objectname) [1ms]
2025-11-13 20:30:17.450 [info] > git status -z -uall [10ms]
2025-11-13 20:30:53.300 [info] > git config --get commit.template [10ms]
2025-11-13 20:30:53.301 [info] > git for-each-ref --format=%(refname)%00%(upstream:short)%00%(objectname)%00%(upstream:track)%00%(upstream:remotename)%00%(upstream:remoteref) refs/heads/master refs/remotes/master [2ms]
2025-11-13 20:30:53.318 [info] > git for-each-ref --sort -committerdate --format %(refname)%00%(objectname)%00%(*objectname) [2ms]
2025-11-13 20:30:53.319 [info] > git status -z -uall [11ms]
2025-11-13 20:30:58.340 [info] > git config --get commit.template [8ms]
2025-11-13 20:30:58.340 [info] > git for-each-ref --format=%(refname)%00%(upstream:short)%00%(objectname)%00%(upstream:track)%00%(upstream:remotename)%00%(upstream:remoteref) refs/heads/master refs/remotes/master [1ms]
2025-11-13 20:30:58.355 [info] > git for-each-ref --sort -committerdate --format %(refname)%00%(objectname)%00%(*objectname) [1ms]
2025-11-13 20:30:58.357 [info] > git status -z -uall [10ms]
2025-11-13 20:31:54.149 [info] > git config --get commit.template [8ms]
2025-11-13 20:31:54.150 [info] > git for-each-ref --format=%(refname)%00%(upstream:short)%00%(objectname)%00%(upstream:track)%00%(upstream:remotename)%00%(upstream:remoteref) refs/heads/master refs/remotes/master [2ms]
2025-11-13 20:31:54.167 [info] > git status -z -uall [10ms]
2025-11-13 20:31:54.167 [info] > git for-each-ref --sort -committerdate --format %(refname)%00%(objectname)%00%(*objectname) [1ms]
2025-11-13 20:33:10.066 [info] > git config --get commit.template [9ms]
2025-11-13 20:33:10.067 [info] > git for-each-ref --format=%(refname)%00%(upstream:short)%00%(objectname)%00%(upstream:track)%00%(upstream:remotename)%00%(upstream:remoteref) refs/heads/master refs/remotes/master [2ms]
2025-11-13 20:33:10.083 [info] > git for-each-ref --sort -committerdate --format %(refname)%00%(objectname)%00%(*objectname) [1ms]
2025-11-13 20:33:10.084 [info] > git status -z -uall [10ms]
2025-11-13 20:33:45.735 [info] > git config --get commit.template [9ms]
2025-11-13 20:33:45.736 [info] > git for-each-ref --format=%(refname)%00%(upstream:short)%00%(objectname)%00%(upstream:track)%00%(upstream:remotename)%00%(upstream:remoteref) refs/heads/master refs/remotes/master [2ms]
2025-11-13 20:33:45.753 [info] > git status -z -uall [10ms]
2025-11-13 20:33:45.753 [info] > git for-each-ref --sort -committerdate --format %(refname)%00%(objectname)%00%(*objectname) [1ms]
2025-11-13 20:34:32.935 [info] > git config --get commit.template [10ms]
2025-11-13 20:34:32.936 [info] > git for-each-ref --format=%(refname)%00%(upstream:short)%00%(objectname)%00%(upstream:track)%00%(upstream:remotename)%00%(upstream:remoteref) refs/heads/master refs/remotes/master [1ms]
2025-11-13 20:34:32.953 [info] > git for-each-ref --sort -committerdate --format %(refname)%00%(objectname)%00%(*objectname) [1ms]
2025-11-13 20:34:32.956 [info] > git status -z -uall [12ms]
2025-11-13 20:34:37.982 [info] > git config --get commit.template [10ms]
2025-11-13 20:34:37.982 [info] > git for-each-ref --format=%(refname)%00%(upstream:short)%00%(objectname)%00%(upstream:track)%00%(upstream:remotename)%00%(upstream:remoteref) refs/heads/master refs/remotes/master [1ms]
2025-11-13 20:34:37.997 [info] > git for-each-ref --sort -committerdate --format %(refname)%00%(objectname)%00%(*objectname) [1ms]
2025-11-13 20:34:37.999 [info] > git status -z -uall [10ms]
2025-11-13 20:34:43.025 [info] > git config --get commit.template [9ms]
2025-11-13 20:34:43.025 [info] > git for-each-ref --format=%(refname)%00%(upstream:short)%00%(objectname)%00%(upstream:track)%00%(upstream:remotename)%00%(upstream:remoteref) refs/heads/master refs/remotes/master [1ms]
2025-11-13 20:34:43.042 [info] > git for-each-ref --sort -committerdate --format %(refname)%00%(objectname)%00%(*objectname) [2ms]
2025-11-13 20:34:43.043 [info] > git status -z -uall [11ms]
2025-11-13 20:34:54.120 [info] > git config --get commit.template [10ms]
2025-11-13 20:34:54.121 [info] > git for-each-ref --format=%(refname)%00%(upstream:short)%00%(objectname)%00%(upstream:track)%00%(upstream:remotename)%00%(upstream:remoteref) refs/heads/master refs/remotes/master [2ms]
2025-11-13 20:34:54.140 [info] > git for-each-ref --sort -committerdate --format %(refname)%00%(objectname)%00%(*objectname) [2ms]
2025-11-13 20:34:54.141 [info] > git status -z -uall [13ms]
