2025-11-13 20:18:21.749 [info] ChatSessionStore: Migrating 0 chat sessions from storage service to file system
2025-11-13 20:18:21.934 [info] Started local extension host with pid 283247.
2025-11-13 20:18:22.196 [error] [/root/.vscode/extensions/ms-toolsai.jupyter-2025.9.1-linux-x64]: Extension is not compatible with Code 1.104.2. Extension requires: ^1.105.0.
2025-11-13 20:18:22.198 [error] [/root/.vscode/extensions/ms-toolsai.jupyter-2025.10.2025101002-linux-x64]: Extension is not compatible with Code 1.104.2. Extension requires: ^1.106.0.
2025-11-13 20:18:22.262 [error] Extension 'ms-python.vscode-python-envs' appears in product.json but enables LESS API proposals than the extension wants.
package.json (LOSES): terminalShellEnv, terminalDataWriteEvent
product.json (WINS): terminalShellEnv
2025-11-13 20:18:22.722 [error] [EQuimper.react-native-react-redux]: Unknown language in `contributes.react-native-react-redux.language`. Provided value: jsx
2025-11-13 20:18:22.722 [error] [Zarifprogrammer.tailwind-snippets]: Unknown language in `contributes.tailwind-snippets.language`. Provided value: vue
2025-11-13 20:18:22.723 [error] [Zarifprogrammer.tailwind-snippets]: Unknown language in `contributes.tailwind-snippets.language`. Provided value: vue
2025-11-13 20:18:23.123 [info] Settings Sync: Account status changed from uninitialized to unavailable
2025-11-13 20:18:24.904 [error] Extension 'ms-python.vscode-python-envs' appears in product.json but enables LESS API proposals than the extension wants.
package.json (LOSES): terminalShellEnv, terminalDataWriteEvent
product.json (WINS): terminalShellEnv
2025-11-13 20:18:24.909 [error] [EQuimper.react-native-react-redux]: Unknown language in `contributes.react-native-react-redux.language`. Provided value: jsx
2025-11-13 20:18:24.909 [error] [Zarifprogrammer.tailwind-snippets]: Unknown language in `contributes.tailwind-snippets.language`. Provided value: vue
2025-11-13 20:18:24.909 [error] [Zarifprogrammer.tailwind-snippets]: Unknown language in `contributes.tailwind-snippets.language`. Provided value: vue
2025-11-13 20:18:25.199 [info] [perf] Render performance baseline is 154ms
2025-11-13 20:18:51.014 [info] Auto updating outdated extensions. ms-toolsai.jupyter
2025-11-13 20:18:52.563 [error] Cannot read the extension from /root/.vscode/extensions/ms-toolsai.jupyter-2025.10.2025101002-linux-x64: ScanningExtension: Cannot read the extension from /root/.vscode/extensions/ms-toolsai.jupyter-2025.10.2025101002-linux-x64
    at Bh.scanLocalExtension (file:///usr/share/code/resources/app/out/vs/code/electron-utility/sharedProcess/sharedProcessMain.js:74:75044)
