2025-11-12 14:23:07.259 [info] Experiment 'pythonSurveyNotification' is active
2025-11-12 14:23:07.276 [info] Native locator: Refresh started
2025-11-12 14:23:07.460 [info] Native locator: Refresh started
2025-11-12 14:23:07.481 [info] VS Code was launched from an activated environment: 'venv', selecting it as the interpreter for workspace.
2025-11-12 14:23:07.500 [info] > pyenv which python
2025-11-12 14:23:07.500 [info] cwd: .
2025-11-12 14:23:08.176 [info] Active interpreter [/home/mossatto/portfolioAnalyzer/src]:  /home/mossatto/portfolioAnalyzer/venv/bin/python
2025-11-12 14:23:08.270 [info] > conda info --json
2025-11-12 14:23:08.379 [info] Python interpreter path: /home/mossatto/portfolioAnalyzer/venv/bin/python
2025-11-12 14:23:08.386 [info] Native locator: Refresh finished in 1107 ms
2025-11-12 14:23:09.307 [info] Starting Pylance language server.
2025-11-12 14:23:33.709 [info] Discover tests for workspace name: src - uri: /home/mossatto/portfolioAnalyzer/src/initial_load.py
2025-11-12 14:25:02.769 [info] Discover tests for workspace name: src - uri: /home/mossatto/portfolioAnalyzer/src/initial_load.py
2025-11-12 14:27:41.319 [info] Discover tests for workspace name: src - uri: /home/mossatto/portfolioAnalyzer/src/initial_load.py
2025-11-12 14:27:50.172 [info] Discover tests for workspace name: src - uri: /home/mossatto/portfolioAnalyzer/src/analysis_logic.py
2025-11-12 15:08:06.531 [info] Discover tests for workspace name: src - uri: /home/mossatto/portfolioAnalyzer/src/initial_load.py
2025-11-12 15:12:02.147 [info] Discover tests for workspace name: src - uri: /home/mossatto/portfolioAnalyzer/src/initial_load.py
2025-11-12 15:26:12.707 [info] Discover tests for workspace name: src - uri: /home/mossatto/portfolioAnalyzer/src/initial_load.py
2025-11-12 15:49:58.545 [info] Discover tests for workspace name: src - uri: /home/mossatto/portfolioAnalyzer/src/data_repository.py
2025-11-12 15:50:18.735 [info] Discover tests for workspace name: src - uri: /home/mossatto/portfolioAnalyzer/src/initial_load.py
2025-11-12 15:51:03.187 [info] Discover tests for workspace name: src - uri: /home/mossatto/portfolioAnalyzer/src/analysis_logic.py
