2025-11-13 20:18:22.346 [error] [/root/.vscode/extensions/ms-toolsai.jupyter-2025.10.2025101002-linux-x64]: Extension is not compatible with Code 1.104.2. Extension requires: ^1.106.0.
2025-11-13 20:18:22.348 [error] [/root/.vscode/extensions/ms-toolsai.jupyter-2025.9.1-linux-x64]: Extension is not compatible with Code 1.104.2. Extension requires: ^1.105.0.
2025-11-13 20:18:22.361 [error] [/root/.vscode/extensions/ms-toolsai.jupyter-2025.10.2025101002-linux-x64]: Extension is not compatible with Code 1.104.2. Extension requires: ^1.106.0.
2025-11-13 20:18:22.362 [error] [/root/.vscode/extensions/ms-toolsai.jupyter-2025.9.1-linux-x64]: Extension is not compatible with Code 1.104.2. Extension requires: ^1.105.0.
2025-11-13 20:18:22.382 [error] [/root/.vscode/extensions/ms-toolsai.jupyter-2025.10.2025101002-linux-x64]: Extension is not compatible with Code 1.104.2. Extension requires: ^1.106.0.
2025-11-13 20:18:22.386 [error] [/root/.vscode/extensions/ms-toolsai.jupyter-2025.9.1-linux-x64]: Extension is not compatible with Code 1.104.2. Extension requires: ^1.105.0.
2025-11-13 20:18:22.431 [error] [/root/.vscode/extensions/ms-toolsai.jupyter-2025.10.2025101002-linux-x64]: Extension is not compatible with Code 1.104.2. Extension requires: ^1.106.0.
2025-11-13 20:18:22.433 [error] [/root/.vscode/extensions/ms-toolsai.jupyter-2025.9.1-linux-x64]: Extension is not compatible with Code 1.104.2. Extension requires: ^1.105.0.
2025-11-13 20:18:22.439 [info] Deleted marked for removal extension from disk ms-python.debugpy /root/.vscode/extensions/ms-python.debugpy-2025.14.1-linux-x64
2025-11-13 20:18:22.440 [info] Deleted marked for removal extension from disk ms-python.python /root/.vscode/extensions/ms-python.python-2025.16.0-linux-x64
2025-11-13 20:18:22.441 [info] Deleted marked for removal extension from disk ms-python.vscode-python-envs /root/.vscode/extensions/ms-python.vscode-python-envs-1.10.0-linux-x64
2025-11-13 20:18:22.446 [error] [/root/.vscode/extensions/ms-toolsai.jupyter-2025.9.1-linux-x64]: Extension is not compatible with Code 1.104.2. Extension requires: ^1.105.0.
2025-11-13 20:18:22.447 [error] [/root/.vscode/extensions/ms-toolsai.jupyter-2025.10.2025101002-linux-x64]: Extension is not compatible with Code 1.104.2. Extension requires: ^1.106.0.
2025-11-13 20:18:22.610 [error] [/root/.vscode/extensions/ms-toolsai.jupyter-2025.10.2025101002-linux-x64]: Extension is not compatible with Code 1.104.2. Extension requires: ^1.106.0.
2025-11-13 20:18:22.612 [error] [/root/.vscode/extensions/ms-toolsai.jupyter-2025.9.1-linux-x64]: Extension is not compatible with Code 1.104.2. Extension requires: ^1.105.0.
2025-11-13 20:18:22.674 [error] [/root/.vscode/extensions/ms-toolsai.jupyter-2025.9.1-linux-x64]: Extension is not compatible with Code 1.104.2. Extension requires: ^1.105.0.
2025-11-13 20:18:22.676 [error] [/root/.vscode/extensions/ms-toolsai.jupyter-2025.10.2025101002-linux-x64]: Extension is not compatible with Code 1.104.2. Extension requires: ^1.106.0.
2025-11-13 20:18:22.790 [error] [/root/.vscode/extensions/ms-toolsai.jupyter-2025.9.1-linux-x64]: Extension is not compatible with Code 1.104.2. Extension requires: ^1.105.0.
2025-11-13 20:18:22.792 [error] [/root/.vscode/extensions/ms-toolsai.jupyter-2025.10.2025101002-linux-x64]: Extension is not compatible with Code 1.104.2. Extension requires: ^1.106.0.
2025-11-13 20:18:22.871 [error] [/root/.vscode/extensions/ms-toolsai.jupyter-2025.9.1-linux-x64]: Extension is not compatible with Code 1.104.2. Extension requires: ^1.105.0.
2025-11-13 20:18:22.872 [error] [/root/.vscode/extensions/ms-toolsai.jupyter-2025.10.2025101002-linux-x64]: Extension is not compatible with Code 1.104.2. Extension requires: ^1.106.0.
2025-11-13 20:18:22.930 [error] [/root/.vscode/extensions/ms-toolsai.jupyter-2025.9.1-linux-x64]: Extension is not compatible with Code 1.104.2. Extension requires: ^1.105.0.
2025-11-13 20:18:22.931 [error] [/root/.vscode/extensions/ms-toolsai.jupyter-2025.10.2025101002-linux-x64]: Extension is not compatible with Code 1.104.2. Extension requires: ^1.106.0.
2025-11-13 20:18:23.036 [error] [/root/.vscode/extensions/ms-toolsai.jupyter-2025.9.1-linux-x64]: Extension is not compatible with Code 1.104.2. Extension requires: ^1.105.0.
2025-11-13 20:18:23.037 [error] [/root/.vscode/extensions/ms-toolsai.jupyter-2025.10.2025101002-linux-x64]: Extension is not compatible with Code 1.104.2. Extension requires: ^1.106.0.
2025-11-13 20:18:23.125 [error] [/root/.vscode/extensions/ms-toolsai.jupyter-2025.9.1-linux-x64]: Extension is not compatible with Code 1.104.2. Extension requires: ^1.105.0.
2025-11-13 20:18:23.128 [error] [/root/.vscode/extensions/ms-toolsai.jupyter-2025.10.2025101002-linux-x64]: Extension is not compatible with Code 1.104.2. Extension requires: ^1.106.0.
2025-11-13 20:18:23.230 [error] [/root/.vscode/extensions/ms-toolsai.jupyter-2025.9.1-linux-x64]: Extension is not compatible with Code 1.104.2. Extension requires: ^1.105.0.
2025-11-13 20:18:23.231 [error] [/root/.vscode/extensions/ms-toolsai.jupyter-2025.10.2025101002-linux-x64]: Extension is not compatible with Code 1.104.2. Extension requires: ^1.106.0.
2025-11-13 20:18:24.315 [error] [/root/.vscode/extensions/ms-toolsai.jupyter-2025.10.2025101002-linux-x64]: Extension is not compatible with Code 1.104.2. Extension requires: ^1.106.0.
2025-11-13 20:18:24.320 [error] [/root/.vscode/extensions/ms-toolsai.jupyter-2025.9.1-linux-x64]: Extension is not compatible with Code 1.104.2. Extension requires: ^1.105.0.
2025-11-13 20:18:24.378 [error] [/root/.vscode/extensions/ms-toolsai.jupyter-2025.9.1-linux-x64]: Extension is not compatible with Code 1.104.2. Extension requires: ^1.105.0.
2025-11-13 20:18:24.380 [error] [/root/.vscode/extensions/ms-toolsai.jupyter-2025.10.2025101002-linux-x64]: Extension is not compatible with Code 1.104.2. Extension requires: ^1.106.0.
2025-11-13 20:18:25.130 [error] [/root/.vscode/extensions/ms-toolsai.jupyter-2025.9.1-linux-x64]: Extension is not compatible with Code 1.104.2. Extension requires: ^1.105.0.
2025-11-13 20:18:25.131 [error] [/root/.vscode/extensions/ms-toolsai.jupyter-2025.10.2025101002-linux-x64]: Extension is not compatible with Code 1.104.2. Extension requires: ^1.106.0.
2025-11-13 20:18:52.018 [info] Getting Manifest... ms-toolsai.jupyter
2025-11-13 20:18:52.493 [info] Installing extension: ms-toolsai.jupyter {"installPreReleaseVersion":true,"productVersion":{"version":"1.106.0","date":"2025-11-11T16:14:55.858Z"},"pinned":false,"operation":3,"isApplicationScoped":false,"profileLocation":{"$mid":1,"external":"vscode-userdata:/root/.vscode/extensions/extensions.json","path":"/root/.vscode/extensions/extensions.json","scheme":"vscode-userdata"}}
2025-11-13 20:18:52.557 [error] [/root/.vscode/extensions/ms-toolsai.jupyter-2025.9.1-linux-x64]: Extension is not compatible with Code 1.104.2. Extension requires: ^1.105.0.
2025-11-13 20:18:52.558 [error] [/root/.vscode/extensions/ms-toolsai.jupyter-2025.10.2025101002-linux-x64]: Extension is not compatible with Code 1.104.2. Extension requires: ^1.106.0.
2025-11-13 20:18:52.560 [error] Error while installing the extension ms-toolsai.jupyter Cannot read the extension from /root/.vscode/extensions/ms-toolsai.jupyter-2025.10.2025101002-linux-x64 vscode-userdata:/root/.vscode/extensions/extensions.json
