2025-11-13 20:18:25.592 [info] Experiment 'pythonSurveyNotification' is active
2025-11-13 20:18:25.604 [info] Native locator: Refresh started
2025-11-13 20:18:25.701 [info] Native locator: Refresh started
2025-11-13 20:18:25.712 [info] VS Code was launched from an activated environment: 'venv', selecting it as the interpreter for workspace.
2025-11-13 20:18:25.772 [info] Active interpreter [/home/mossatto/portfolioAnalyzer]:  /home/mossatto/portfolioAnalyzer/venv/bin/python
2025-11-13 20:18:25.784 [info] > pyenv which python
2025-11-13 20:18:25.784 [info] cwd: .
2025-11-13 20:18:25.792 [info] Python interpreter path: ./venv/bin/python
2025-11-13 20:18:25.800 [info] Native locator: Refresh finished in 194 ms
2025-11-13 20:18:26.314 [info] Starting Pylance language server.
2025-11-13 20:18:35.835 [info] Running installed packages checker:  {
  id: '/home/mossatto/portfolioAnalyzer/venv/bin/python',
  sysPrefix: '/home/mossatto/portfolioAnalyzer/venv',
  envType: 'Venv',
  envName: 'venv',
  envPath: '/home/mossatto/portfolioAnalyzer/venv/bin/python',
  path: '/home/mossatto/portfolioAnalyzer/venv/bin/python',
  architecture: 3,
  sysVersion: '',
  version: {
    raw: '3.11.6',
    major: 3,
    minor: 11,
    patch: 6,
    build: [],
    prerelease: []
  },
  displayName: 'Python 3.11.6 (venv)',
  detailedDisplayName: 'Python 3.11.6 (venv)',
  type: 'Virtual'
} /root/.vscode/extensions/ms-python.python-2025.18.0-linux-x64/python_files/installed_check.py /home/mossatto/portfolioAnalyzer/requirements.txt
2025-11-13 20:18:35.835 [info] > ./venv/bin/python ~/.vscode/extensions/ms-python.python-2025.18.0-linux-x64/python_files/installed_check.py ./requirements.txt
2025-11-13 20:20:09.998 [info] > conda info --json
2025-11-13 20:20:45.830 [info] Discover tests for workspace name: portfolioAnalyzer - uri: /home/mossatto/portfolioAnalyzer/src/app.py
2025-11-13 20:20:47.564 [info] Running installed packages checker:  {
  id: '/home/mossatto/portfolioAnalyzer/venv/bin/python',
  sysPrefix: '/home/mossatto/portfolioAnalyzer/venv',
  envType: 'Venv',
  envName: 'venv',
  envPath: '/home/mossatto/portfolioAnalyzer/venv/bin/python',
  path: '/home/mossatto/portfolioAnalyzer/venv/bin/python',
  architecture: 3,
  sysVersion: '',
  version: {
    raw: '3.11.6',
    major: 3,
    minor: 11,
    patch: 6,
    build: [],
    prerelease: []
  },
  displayName: 'Python 3.11.6 (venv)',
  detailedDisplayName: 'Python 3.11.6 (venv)',
  type: 'Virtual'
} /root/.vscode/extensions/ms-python.python-2025.18.0-linux-x64/python_files/installed_check.py /home/mossatto/portfolioAnalyzer/requirements.txt
2025-11-13 20:20:47.564 [info] > ./venv/bin/python ~/.vscode/extensions/ms-python.python-2025.18.0-linux-x64/python_files/installed_check.py ./requirements.txt
2025-11-13 20:43:33.278 [info] Discover tests for workspace name: portfolioAnalyzer - uri: /home/mossatto/portfolioAnalyzer/src/app.py
2025-11-13 20:50:47.513 [info] Discover tests for workspace name: portfolioAnalyzer - uri: /home/mossatto/portfolioAnalyzer/src/data_repository.py
2025-11-13 20:50:49.250 [info] Discover tests for workspace name: portfolioAnalyzer - uri: /home/mossatto/portfolioAnalyzer/src/analysis_logic.py
2025-11-13 20:51:13.153 [info] Discover tests for workspace name: portfolioAnalyzer - uri: /home/mossatto/portfolioAnalyzer/src/analysis_logic.py
2025-11-13 20:53:24.066 [info] Discover tests for workspace name: portfolioAnalyzer - uri: /home/mossatto/portfolioAnalyzer/src/app.py
2025-11-13 21:12:40.866 [info] Discover tests for workspace name: portfolioAnalyzer - uri: /home/mossatto/portfolioAnalyzer/tests/test_analysis_service.py
2025-11-13 21:13:54.492 [info] Discover tests for workspace name: portfolioAnalyzer - uri: /home/mossatto/portfolioAnalyzer/tests/test_analysis_service.py
2025-11-13 21:14:39.812 [info] Discover tests for workspace name: portfolioAnalyzer - uri: /home/mossatto/portfolioAnalyzer/tests/test_analysis_service.py
2025-11-13 21:15:55.262 [info] Discover tests for workspace name: portfolioAnalyzer - uri: /home/mossatto/portfolioAnalyzer/pytest.ini
2025-11-13 21:22:01.664 [info] Discover tests for workspace name: portfolioAnalyzer - uri: /home/mossatto/portfolioAnalyzer/tests/test_analysis_service.py
2025-11-13 21:22:21.772 [info] Discover tests for workspace name: portfolioAnalyzer - uri: /home/mossatto/portfolioAnalyzer/tests/test_analysis_service.py
2025-11-13 21:30:30.633 [info] Discover tests for workspace name: portfolioAnalyzer - uri: /home/mossatto/portfolioAnalyzer/tests/test_app.py
2025-11-13 21:30:32.353 [info] Running installed packages checker:  {
  id: '/home/mossatto/portfolioAnalyzer/venv/bin/python',
  sysPrefix: '/home/mossatto/portfolioAnalyzer/venv',
  envType: 'Venv',
  envName: 'venv',
  envPath: '/home/mossatto/portfolioAnalyzer/venv/bin/python',
  path: '/home/mossatto/portfolioAnalyzer/venv/bin/python',
  architecture: 3,
  sysVersion: '',
  version: {
    raw: '3.11.6',
    major: 3,
    minor: 11,
    patch: 6,
    build: [],
    prerelease: []
  },
  displayName: 'Python 3.11.6 (venv)',
  detailedDisplayName: 'Python 3.11.6 (venv)',
  type: 'Virtual'
} /root/.vscode/extensions/ms-python.python-2025.18.0-linux-x64/python_files/installed_check.py /home/mossatto/portfolioAnalyzer/requirements.txt
2025-11-13 21:30:32.353 [info] > ./venv/bin/python ~/.vscode/extensions/ms-python.python-2025.18.0-linux-x64/python_files/installed_check.py ./requirements.txt
2025-11-13 21:31:59.705 [info] Running installed packages checker:  {
  id: '/home/mossatto/portfolioAnalyzer/venv/bin/python',
  sysPrefix: '/home/mossatto/portfolioAnalyzer/venv',
  envType: 'Venv',
  envName: 'venv',
  envPath: '/home/mossatto/portfolioAnalyzer/venv/bin/python',
  path: '/home/mossatto/portfolioAnalyzer/venv/bin/python',
  architecture: 3,
  sysVersion: '',
  version: {
    raw: '3.11.6',
    major: 3,
    minor: 11,
    patch: 6,
    build: [],
    prerelease: []
  },
  displayName: 'Python 3.11.6 (venv)',
  detailedDisplayName: 'Python 3.11.6 (venv)',
  type: 'Virtual'
} /root/.vscode/extensions/ms-python.python-2025.18.0-linux-x64/python_files/installed_check.py /home/mossatto/portfolioAnalyzer/requirements.txt
2025-11-13 21:31:59.705 [info] > ./venv/bin/python ~/.vscode/extensions/ms-python.python-2025.18.0-linux-x64/python_files/installed_check.py ./requirements.txt
2025-11-13 21:33:37.981 [info] Running installed packages checker:  {
  id: '/home/mossatto/portfolioAnalyzer/venv/bin/python',
  sysPrefix: '/home/mossatto/portfolioAnalyzer/venv',
  envType: 'Venv',
  envName: 'venv',
  envPath: '/home/mossatto/portfolioAnalyzer/venv/bin/python',
  path: '/home/mossatto/portfolioAnalyzer/venv/bin/python',
  architecture: 3,
  sysVersion: '',
  version: {
    raw: '3.11.6',
    major: 3,
    minor: 11,
    patch: 6,
    build: [],
    prerelease: []
  },
  displayName: 'Python 3.11.6 (venv)',
  detailedDisplayName: 'Python 3.11.6 (venv)',
  type: 'Virtual'
} /root/.vscode/extensions/ms-python.python-2025.18.0-linux-x64/python_files/installed_check.py /home/mossatto/portfolioAnalyzer/requirements.txt
2025-11-13 21:33:37.981 [info] > ./venv/bin/python ~/.vscode/extensions/ms-python.python-2025.18.0-linux-x64/python_files/installed_check.py ./requirements.txt
2025-11-13 21:34:43.029 [info] Discover tests for workspace name: portfolioAnalyzer - uri: /home/mossatto/portfolioAnalyzer/tests/test_app.py
2025-11-13 21:36:27.501 [info] Discover tests for workspace name: portfolioAnalyzer - uri: /home/mossatto/portfolioAnalyzer/tests/test_app.py
2025-11-13 21:42:05.092 [info] Discover tests for workspace name: portfolioAnalyzer - uri: /home/mossatto/portfolioAnalyzer/src/app.py
2025-11-13 21:44:23.432 [info] Discover tests for workspace name: portfolioAnalyzer - uri: /home/mossatto/portfolioAnalyzer/tests/test_app.py
2025-11-13 21:44:37.976 [info] Discover tests for workspace name: portfolioAnalyzer - uri: /home/mossatto/portfolioAnalyzer/tests/test_app.py
2025-11-13 21:45:06.783 [info] Discover tests for workspace name: portfolioAnalyzer - uri: /home/mossatto/portfolioAnalyzer/tests/test_app.py
2025-11-13 21:47:30.601 [info] Discover tests for workspace name: portfolioAnalyzer - uri: /home/mossatto/portfolioAnalyzer/src/app.py
2025-11-14 09:29:40.070 [info] Discover tests for workspace name: portfolioAnalyzer - uri: /home/mossatto/portfolioAnalyzer/tests/test_analysis_service.py
2025-11-14 09:30:43.923 [info] Discover tests for workspace name: portfolioAnalyzer - uri: /home/mossatto/portfolioAnalyzer/tests/test_app.py
2025-11-14 09:34:41.949 [info] Discover tests for workspace name: portfolioAnalyzer - uri: /home/mossatto/portfolioAnalyzer/src/data_repository.py
