2025-11-13 20:18:22.659 [info] Reading sessions from keychain...
2025-11-13 20:18:22.659 [info] Getting sessions for all scopes...
2025-11-13 20:18:22.659 [info] Got 0 sessions for ...
2025-11-13 20:18:22.659 [info] Getting sessions for all scopes...
2025-11-13 20:18:22.659 [info] Got 0 sessions for ...
2025-11-13 20:18:22.659 [info] Getting sessions for all scopes...
2025-11-13 20:18:22.659 [info] Got 0 sessions for ...
2025-11-13 20:18:22.659 [info] Getting sessions for all scopes...
2025-11-13 20:18:22.659 [info] Got 0 sessions for ...
2025-11-13 20:18:22.659 [info] Getting sessions for all scopes...
2025-11-13 20:18:22.659 [info] Got 0 sessions for ...
2025-11-13 20:18:22.659 [info] Getting sessions for all scopes...
2025-11-13 20:18:22.659 [info] Got 0 sessions for ...
2025-11-13 20:18:22.659 [info] Getting sessions for all scopes...
2025-11-13 20:18:22.659 [info] Got 0 sessions for ...
2025-11-13 20:18:22.659 [info] Getting sessions for all scopes...
2025-11-13 20:18:22.659 [info] Got 0 sessions for ...
2025-11-13 20:18:22.659 [info] Getting sessions for all scopes...
2025-11-13 20:18:22.659 [info] Got 0 sessions for ...
2025-11-13 20:18:22.659 [info] Getting sessions for all scopes...
2025-11-13 20:18:22.659 [info] Got 0 sessions for ...
2025-11-13 20:18:22.659 [info] Getting sessions for all scopes...
2025-11-13 20:18:22.660 [info] Got 0 sessions for ...
2025-11-13 20:18:22.660 [info] Getting sessions for all scopes...
2025-11-13 20:18:22.660 [info] Got 0 sessions for ...
2025-11-13 20:18:22.660 [info] Getting sessions for all scopes...
2025-11-13 20:18:22.660 [info] Got 0 sessions for ...
2025-11-13 20:18:22.740 [info] Getting sessions for all scopes...
2025-11-13 20:18:22.740 [info] Got 0 sessions for ...
2025-11-13 20:18:23.244 [info] Getting sessions for all scopes...
2025-11-13 20:18:23.245 [info] Got 0 sessions for ...
2025-11-13 20:18:24.358 [info] Getting sessions for all scopes...
2025-11-13 20:18:24.358 [info] Got 0 sessions for ...
2025-11-13 20:18:24.358 [info] Getting sessions for all scopes...
2025-11-13 20:18:24.358 [info] Got 0 sessions for ...
2025-11-13 20:18:24.359 [info] Getting sessions for all scopes...
2025-11-13 20:18:24.359 [info] Got 0 sessions for ...
2025-11-13 20:18:24.399 [info] Getting sessions for all scopes...
2025-11-13 20:18:24.399 [info] Got 0 sessions for ...
2025-11-13 20:18:24.975 [info] Getting sessions for all scopes...
2025-11-13 20:18:24.975 [info] Got 0 sessions for ...
2025-11-13 20:18:24.976 [info] Getting sessions for all scopes...
2025-11-13 20:18:24.976 [info] Got 0 sessions for ...
2025-11-13 20:18:25.555 [info] Getting sessions for read:user,repo,user:email,workflow...
2025-11-13 20:18:25.555 [info] Got 0 sessions for read:user,repo,user:email,workflow...
