2025-11-12 14:23:01.615 [info] Deleted marked for removal extension from disk ms-python.debugpy /root/.vscode/extensions/ms-python.debugpy-2025.6.0-linux-x64
2025-11-12 14:23:01.616 [info] Deleted marked for removal extension from disk ms-python.python /root/.vscode/extensions/ms-python.python-2025.4.0-linux-x64
2025-11-12 14:23:04.941 [info] Getting Manifest... bradlc.vscode-tailwindcss
2025-11-12 14:23:04.942 [info] Getting Manifest... ms-python.debugpy
2025-11-12 14:23:04.943 [info] Getting Manifest... ms-python.python
2025-11-12 14:23:04.945 [info] Getting Manifest... ms-python.vscode-pylance
2025-11-12 14:23:04.946 [info] Getting Manifest... ms-toolsai.jupyter-renderers
2025-11-12 14:23:05.046 [info] Installing extension: bradlc.vscode-tailwindcss {"productVersion":{"version":"1.104.2","date":"2025-09-24T11:21:37.073Z"},"pinned":false,"operation":3,"isApplicationScoped":false,"profileLocation":{"$mid":1,"external":"vscode-userdata:/root/.vscode/extensions/extensions.json","path":"/root/.vscode/extensions/extensions.json","scheme":"vscode-userdata"}}
2025-11-12 14:23:05.050 [info] Installing extension: ms-python.python {"productVersion":{"version":"1.104.2","date":"2025-09-24T11:21:37.073Z"},"pinned":false,"operation":3,"isApplicationScoped":false,"profileLocation":{"$mid":1,"external":"vscode-userdata:/root/.vscode/extensions/extensions.json","path":"/root/.vscode/extensions/extensions.json","scheme":"vscode-userdata"}}
2025-11-12 14:23:05.053 [info] Installing extension: ms-python.debugpy {"productVersion":{"version":"1.104.2","date":"2025-09-24T11:21:37.073Z"},"pinned":false,"operation":3,"isApplicationScoped":false,"profileLocation":{"$mid":1,"external":"vscode-userdata:/root/.vscode/extensions/extensions.json","path":"/root/.vscode/extensions/extensions.json","scheme":"vscode-userdata"}}
2025-11-12 14:23:05.060 [info] Installing extension: ms-python.vscode-pylance {"productVersion":{"version":"1.104.2","date":"2025-09-24T11:21:37.073Z"},"pinned":false,"operation":3,"isApplicationScoped":false,"profileLocation":{"$mid":1,"external":"vscode-userdata:/root/.vscode/extensions/extensions.json","path":"/root/.vscode/extensions/extensions.json","scheme":"vscode-userdata"}}
2025-11-12 14:23:05.154 [info] Getting Manifest... ms-python.vscode-python-envs
2025-11-12 14:23:05.176 [info] Installing extension: ms-toolsai.jupyter-renderers {"productVersion":{"version":"1.104.2","date":"2025-09-24T11:21:37.073Z"},"pinned":false,"operation":3,"isApplicationScoped":false,"profileLocation":{"$mid":1,"external":"vscode-userdata:/root/.vscode/extensions/extensions.json","path":"/root/.vscode/extensions/extensions.json","scheme":"vscode-userdata"}}
2025-11-12 14:23:05.191 [info] Installing extension: ms-python.vscode-python-envs {"productVersion":{"version":"1.104.2","date":"2025-09-24T11:21:37.073Z"},"pinned":false,"operation":3,"isApplicationScoped":false,"profileLocation":{"$mid":1,"external":"vscode-userdata:/root/.vscode/extensions/extensions.json","path":"/root/.vscode/extensions/extensions.json","scheme":"vscode-userdata"},"installGivenVersion":false,"context":{"dependecyOrPackExtensionInstall":true}}
2025-11-12 14:23:05.335 [info] Getting Manifest... ms-python.python
2025-11-12 14:23:05.366 [info] Getting Manifest... ms-python.vscode-python-envs
2025-11-12 14:23:05.388 [info] Waiting for already requested installing extension ms-python.vscode-python-envs ms-python.debugpy vscode-userdata:/root/.vscode/extensions/extensions.json
2025-11-12 14:23:06.942 [info] Extension signature verification result for bradlc.vscode-tailwindcss: Success. Internal Code: 0. Executed: true. Duration: 1449ms.
2025-11-12 14:23:07.059 [info] Extracted extension to file:///root/.vscode/extensions/bradlc.vscode-tailwindcss-0.14.29: bradlc.vscode-tailwindcss
2025-11-12 14:23:07.065 [info] Renamed to /root/.vscode/extensions/bradlc.vscode-tailwindcss-0.14.29
2025-11-12 14:23:07.090 [info] Marked extension as removed bradlc.vscode-tailwindcss-0.14.16
2025-11-12 14:23:07.105 [info] Extension installed successfully: bradlc.vscode-tailwindcss vscode-userdata:/root/.vscode/extensions/extensions.json
2025-11-12 14:23:07.153 [info] Extension signature verification result for ms-python.vscode-python-envs: Success. Internal Code: 0. Executed: true. Duration: 1220ms.
2025-11-12 14:23:07.237 [info] Extension signature verification result for ms-python.python: Success. Internal Code: 0. Executed: true. Duration: 1333ms.
2025-11-12 14:23:07.416 [info] Extension signature verification result for ms-python.debugpy: Success. Internal Code: 0. Executed: true. Duration: 1312ms.
2025-11-12 14:23:07.643 [info] Extracted extension to file:///root/.vscode/extensions/ms-python.vscode-python-envs-1.10.0-linux-x64: ms-python.vscode-python-envs
2025-11-12 14:23:07.667 [info] Renamed to /root/.vscode/extensions/ms-python.vscode-python-envs-1.10.0-linux-x64
2025-11-12 14:23:07.876 [info] Extension signature verification result for ms-toolsai.jupyter-renderers: Success. Internal Code: 0. Executed: true. Duration: 1351ms.
2025-11-12 14:23:08.281 [info] Extracted extension to file:///root/.vscode/extensions/ms-toolsai.jupyter-renderers-1.3.0: ms-toolsai.jupyter-renderers
2025-11-12 14:23:08.288 [info] Renamed to /root/.vscode/extensions/ms-toolsai.jupyter-renderers-1.3.0
2025-11-12 14:23:08.310 [info] Marked extension as removed ms-toolsai.jupyter-renderers-1.1.0
2025-11-12 14:23:08.319 [info] Extension installed successfully: ms-toolsai.jupyter-renderers vscode-userdata:/root/.vscode/extensions/extensions.json
2025-11-12 14:23:08.408 [info] Extracted extension to file:///root/.vscode/extensions/ms-python.debugpy-2025.14.1-linux-x64: ms-python.debugpy
2025-11-12 14:23:08.421 [info] Renamed to /root/.vscode/extensions/ms-python.debugpy-2025.14.1-linux-x64
2025-11-12 14:23:08.441 [info] Marked extension as removed ms-python.debugpy-2025.8.0
2025-11-12 14:23:09.453 [info] Extension signature verification result for ms-python.vscode-pylance: Success. Internal Code: 0. Executed: true. Duration: 951ms.
2025-11-12 14:23:09.570 [info] Extracted extension to file:///root/.vscode/extensions/ms-python.python-2025.16.0-linux-x64: ms-python.python
2025-11-12 14:23:09.673 [info] Renamed to /root/.vscode/extensions/ms-python.python-2025.16.0-linux-x64
2025-11-12 14:23:09.693 [info] Marked extension as removed ms-python.python-2025.6.0
2025-11-12 14:23:09.705 [info] Extension installed successfully: ms-python.vscode-python-envs vscode-userdata:/root/.vscode/extensions/extensions.json
2025-11-12 14:23:09.705 [info] Extension installed successfully: ms-python.python vscode-userdata:/root/.vscode/extensions/extensions.json
2025-11-12 14:23:09.706 [info] Finished waiting for already requested installing extension ms-python.vscode-python-envs ms-python.debugpy vscode-userdata:/root/.vscode/extensions/extensions.json
2025-11-12 14:23:09.706 [info] Extension installed successfully: ms-python.debugpy vscode-userdata:/root/.vscode/extensions/extensions.json
2025-11-12 14:23:14.735 [info] Extracted extension to file:///root/.vscode/extensions/ms-python.vscode-pylance-2025.9.1: ms-python.vscode-pylance
2025-11-12 14:23:14.928 [info] Renamed to /root/.vscode/extensions/ms-python.vscode-pylance-2025.9.1
2025-11-12 14:23:14.953 [info] Marked extension as removed ms-python.vscode-pylance-2025.4.1
2025-11-12 14:23:14.956 [info] Extension installed successfully: ms-python.vscode-pylance vscode-userdata:/root/.vscode/extensions/extensions.json
2025-11-12 14:23:31.554 [info] Getting Manifest... ms-toolsai.jupyter
2025-11-12 14:23:31.572 [info] Installing extension: ms-toolsai.jupyter {"installPreReleaseVersion":true,"productVersion":{"version":"1.105.1","date":"2025-10-14T22:32:01.665Z"},"pinned":false,"operation":3,"isApplicationScoped":false,"profileLocation":{"$mid":1,"external":"vscode-userdata:/root/.vscode/extensions/extensions.json","path":"/root/.vscode/extensions/extensions.json","scheme":"vscode-userdata"}}
2025-11-12 14:23:32.789 [info] Extension signature verification result for ms-toolsai.jupyter: Success. Internal Code: 0. Executed: true. Duration: 706ms.
2025-11-12 14:23:32.993 [info] Extracted extension to file:///root/.vscode/extensions/ms-toolsai.jupyter-2025.9.1-linux-x64: ms-toolsai.jupyter
2025-11-12 14:23:33.016 [info] Renamed to /root/.vscode/extensions/ms-toolsai.jupyter-2025.9.1-linux-x64
2025-11-12 14:23:33.021 [error] [/root/.vscode/extensions/ms-toolsai.jupyter-2025.9.1-linux-x64]: Extension is not compatible with Code 1.104.2. Extension requires: ^1.105.0.
2025-11-12 14:23:33.041 [error] [/root/.vscode/extensions/ms-toolsai.jupyter-2025.9.1-linux-x64]: Extension is not compatible with Code 1.104.2. Extension requires: ^1.105.0.
2025-11-12 14:23:33.043 [error] Error while installing the extension ms-toolsai.jupyter Cannot read the extension from /root/.vscode/extensions/ms-toolsai.jupyter-2025.9.1-linux-x64 vscode-userdata:/root/.vscode/extensions/extensions.json
2025-11-12 15:15:42.983 [error] [/root/.vscode/extensions/ms-toolsai.jupyter-2025.9.1-linux-x64]: Extension is not compatible with Code 1.104.2. Extension requires: ^1.105.0.
2025-11-12 15:15:42.984 [error] [/root/.vscode/extensions/ms-toolsai.jupyter-2025.10.2025101002-linux-x64]: Extension is not compatible with Code 1.104.2. Extension requires: ^1.106.0.
2025-11-12 15:15:42.988 [info] Extensions added from another source ms-toolsai.jupyter vscode-userdata:/root/.vscode/extensions/extensions.json
2025-11-12 15:15:43.051 [error] [/root/.vscode/extensions/ms-toolsai.jupyter-2025.10.2025101002-linux-x64]: Extension is not compatible with Code 1.104.2. Extension requires: ^1.106.0.
